{"type":"server-started","port":60634,"host":"127.0.0.1","url_host":"localhost","url":"http://localhost:60634","screen_dir":"/Users/anderskristiansen/Developer/akgolf/akgolf-platform/.superpowers/brainstorm/5807-1775846713/content","state_dir":"/Users/anderskristiansen/Developer/akgolf/akgolf-platform/.superpowers/brainstorm/5807-1775846713/state"}
{"type":"screen-added","file":"/Users/anderskristiansen/Developer/akgolf/akgolf-platform/.superpowers/brainstorm/5807-1775846713/content/scope-selection.html"}
{"source":"user-event","type":"click","text":"A\n    \n      Forside + Booking\n      Redesign forsiden (V1.0 → V2.0) og fiks booking-flyten. Academy/Junior/Utvikling er allerede ferdige.\n      ~2 skjermer med arbeid","choice":"a","id":null,"timestamp":1775846980896}
{"source":"user-event","type":"click","text":"A\n    \n      Forside + Booking\n      Redesign forsiden (V1.0 → V2.0) og fiks booking-flyten. Academy/Junior/Utvikling er allerede ferdige.\n      ~2 skjermer med arbeid","choice":"a","id":null,"timestamp":1775846981794}
{"source":"user-event","type":"click","text":"A\n    \n      Forside + Booking\n      Redesign forsiden (V1.0 → V2.0) og fiks booking-flyten. Academy/Junior/Utvikling er allerede ferdige.\n      ~2 skjermer med arbeid","choice":"a","id":null,"timestamp":1775847003026}
{"source":"user-event","type":"click","text":"A\n    \n      Forside + Booking\n      Redesign forsiden (V1.0 → V2.0) og fiks booking-flyten. Academy/Junior/Utvikling er allerede ferdige.\n      ~2 skjermer med arbeid","choice":"a","id":null,"timestamp":1775847005626}
{"source":"user-event","type":"click","text":"A\n    \n      Forside + Booking\n      Redesign forsiden (V1.0 → V2.0) og fiks booking-flyten. Academy/Junior/Utvikling er allerede ferdige.\n      ~2 skjermer med arbeid","choice":"a","id":null,"timestamp":1775847005809}
{"type":"screen-added","file":"/Users/anderskristiansen/Developer/akgolf/akgolf-platform/.superpowers/brainstorm/5807-1775846713/content/homepage-direction.html"}
{"source":"user-event","type":"click","text":"B\n    \n      Premium landing — bilde-fokusert\n      Fullskjerm hero-bilde (TrackMan/coaching), tekst oppå med gradient. Mer emosjonelt og visuelt enn Academy. Bento-grid for tjenester.\n      \n        Fullskjerm bilde\n        Bento-grid\n        Lime CTA","choice":"b","id":null,"timestamp":1775847076497}
{"type":"screen-added","file":"/Users/anderskristiansen/Developer/akgolf/akgolf-platform/.superpowers/brainstorm/5807-1775846713/content/homepage-sections.html"}
{"source":"user-event","type":"click","text":"1\n    \n      Fullskjerm Hero\n      Stort bilde (TrackMan coaching), overskrift, undertekst, lime CTA-knapp til booking. 100vh.","choice":"hero","id":null,"timestamp":1775847450874}
{"source":"user-event","type":"click","text":"2\n    \n      Tjenester (Bento-grid)\n      3-4 kort med varierende storrelse: Academy, Junior, Utvikling, Mulligan. Hvert kort linker til sin underside.","choice":"tjenester","id":null,"timestamp":1775847453173}
{"source":"user-event","type":"click","text":"5\n    \n      Priser / Pakker\n      Performance, Performance Pro, Flex. Kort oversikt med \"Book na\"-knapper.","choice":"priser","id":null,"timestamp":1775847455556}
{"source":"user-event","type":"click","text":"7\n    \n      Avsluttende CTA\n      Mork seksjon med \"Book din forste okt\" + kontaktinfo. Siste push.","choice":"cta","id":null,"timestamp":1775847458289}
{"source":"user-event","type":"click","text":"8\n    \n      Portal-preview\n      Screenshot/mockup av spillerportalen. Viser hva eleven far tilgang til. \"Logg inn\"-link.","choice":"portal","id":null,"timestamp":1775847460172}
{"type":"screen-added","file":"/Users/anderskristiansen/Developer/akgolf/akgolf-platform/.superpowers/brainstorm/5807-1775846713/content/homepage-layout.html"}
{"type":"screen-added","file":"/Users/anderskristiansen/Developer/akgolf/akgolf-platform/.superpowers/brainstorm/5807-1775846713/content/homepage-variant-a.html"}
{"type":"screen-added","file":"/Users/anderskristiansen/Developer/akgolf/akgolf-platform/.superpowers/brainstorm/5807-1775846713/content/homepage-variant-b.html"}
{"type":"screen-added","file":"/Users/anderskristiansen/Developer/akgolf/akgolf-platform/.superpowers/brainstorm/5807-1775846713/content/homepage-variant-c.html"}
{"type":"screen-added","file":"/Users/anderskristiansen/Developer/akgolf/akgolf-platform/.superpowers/brainstorm/5807-1775846713/content/homepage-compare.html"}
{"source":"user-event","type":"click","text":"A — Split Hero + Statistikk\n      Lys bakgrunn. Hero delt i to: tekst til venstre med tall (142 spillere, 4.8 rating, -3.2 HCP), bilde til hoyre. Bento med 4 kort (inkl. Mulligan). Lyst og airy.\n      \n        Hvit bakgrunn\n        Split hero\n        Stats i hero\n        Dark portal-seksjon","choice":"a","id":null,"timestamp":1775847961054}
{"source":"user-event","type":"click","text":"C — Rounded Hero + Bildegalleri\n      Lys side med avrundet hero-boks (ikke fullbredde). Trust-bar med tall. Bento med lime Mulligan-kort. 3-bilders stripe. Portal i lys boks med chips. Balansert og visuell.\n      \n        Hvit bakgrunn\n        Rounded hero\n        Trust bar\n        Bildegalleri","choice":"c","id":null,"timestamp":1775847962120}
{"source":"user-event","type":"click","text":"A — Split Hero + Statistikk\n      Lys bakgrunn. Hero delt i to: tekst til venstre med tall (142 spillere, 4.8 rating, -3.2 HCP), bilde til hoyre. Bento med 4 kort (inkl. Mulligan). Lyst og airy.\n      \n        Hvit bakgrunn\n        Split hero\n        Stats i hero\n        Dark portal-seksjon","choice":"a","id":null,"timestamp":1775847963452}
{"source":"user-event","type":"click","text":"A — Split Hero + Statistikk\n      Lys bakgrunn. Hero delt i to: tekst til venstre med tall (142 spillere, 4.8 rating, -3.2 HCP), bilde til hoyre. Bento med 4 kort (inkl. Mulligan). Lyst og airy.\n      \n        Hvit bakgrunn\n        Split hero\n        Stats i hero\n        Dark portal-seksjon","choice":"a","id":null,"timestamp":1775847966084}
{"source":"user-event","type":"click","text":"A — Split Hero + Statistikk\n      Lys bakgrunn. Hero delt i to: tekst til venstre med tall (142 spillere, 4.8 rating, -3.2 HCP), bilde til hoyre. Bento med 4 kort (inkl. Mulligan). Lyst og airy.\n      \n        Hvit bakgrunn\n        Split hero\n        Stats i hero\n        Dark portal-seksjon","choice":"a","id":null,"timestamp":1775847967053}
{"source":"user-event","type":"click","text":"A — Split Hero + Statistikk\n      Lys bakgrunn. Hero delt i to: tekst til venstre med tall (142 spillere, 4.8 rating, -3.2 HCP), bilde til hoyre. Bento med 4 kort (inkl. Mulligan). Lyst og airy.\n      \n        Hvit bakgrunn\n        Split hero\n        Stats i hero\n        Dark portal-seksjon","choice":"a","id":null,"timestamp":1775847967236}
{"source":"user-event","type":"click","text":"A — Split Hero + Statistikk\n      Lys bakgrunn. Hero delt i to: tekst til venstre med tall (142 spillere, 4.8 rating, -3.2 HCP), bilde til hoyre. Bento med 4 kort (inkl. Mulligan). Lyst og airy.\n      \n        Hvit bakgrunn\n        Split hero\n        Stats i hero\n        Dark portal-seksjon","choice":"a","id":null,"timestamp":1775847968019}
{"type":"screen-added","file":"/Users/anderskristiansen/Developer/akgolf/akgolf-platform/.superpowers/brainstorm/5807-1775846713/content/homepage-hybrid-ac.html"}
{"type":"screen-added","file":"/Users/anderskristiansen/Developer/akgolf/akgolf-platform/.superpowers/brainstorm/5807-1775846713/content/interactive-options.html"}
{"type":"screen-added","file":"/Users/anderskristiansen/Developer/akgolf/akgolf-platform/.superpowers/brainstorm/5807-1775846713/content/waiting-1.html"}
{"type":"screen-added","file":"/Users/anderskristiansen/Developer/akgolf/akgolf-platform/.superpowers/brainstorm/5807-1775846713/content/interactive-demo.html"}
{"type":"screen-added","file":"/Users/anderskristiansen/Developer/akgolf/akgolf-platform/.superpowers/brainstorm/5807-1775846713/content/interactive-demo-v2.html"}
{"type":"server-stopped","reason":"idle timeout"}
